<?xml version="1.0" encoding="UTF-8"?>
<testsuite name="com.telran.demoqa.tests.DragAndDropTests" tests="2" skipped="0" failures="0" errors="0" timestamp="2021-08-09T21:13:22" hostname="enextus" time="6.841">
  <properties/>
  <testcase name="dropabbleTest1" classname="com.telran.demoqa.tests.DragAndDropTests" time="1.56"/>
  <testcase name="droppableTest" classname="com.telran.demoqa.tests.DragAndDropTests" time="2.322"/>
  <system-out><![CDATA[23:13:22 [Test worker] INFO  com.telran.demoqa.helpers.MyListener - Start search By.xpath: //h5[.='Interactions']
23:13:22 [Test worker] INFO  com.telran.demoqa.helpers.MyListener - By.xpath: //h5[.='Interactions']found.
23:13:22 [Test worker] INFO  com.telran.demoqa.helpers.MyListener - Start search By.xpath: //span[.='Droppable']
23:13:22 [Test worker] INFO  com.telran.demoqa.helpers.MyListener - By.xpath: //span[.='Droppable']found.
23:13:22 [Test worker] INFO  com.telran.demoqa.helpers.MyListener - Start search By.id: draggable
23:13:22 [Test worker] INFO  com.telran.demoqa.helpers.MyListener - By.id: draggablefound.
23:13:22 [Test worker] INFO  com.telran.demoqa.helpers.MyListener - Start search By.id: draggable
23:13:22 [Test worker] INFO  com.telran.demoqa.helpers.MyListener - By.id: draggablefound.
xOffset1--->713 yOffset1 --302
23:13:22 [Test worker] INFO  com.telran.demoqa.helpers.MyListener - Start search By.id: droppable
23:13:22 [Test worker] INFO  com.telran.demoqa.helpers.MyListener - By.id: droppablefound.
23:13:22 [Test worker] INFO  com.telran.demoqa.helpers.MyListener - Start search By.id: droppable
23:13:22 [Test worker] INFO  com.telran.demoqa.helpers.MyListener - By.id: droppablefound.
xOffset1--->1041 yOffset1 --294
23:13:23 [Forwarding actions on session 825df6945ce5c5da9ab1f3ed01a9aeca to remote] INFO  com.telran.demoqa.helpers.MyListener - Start search By.id: draggable
23:13:23 [Forwarding actions on session 825df6945ce5c5da9ab1f3ed01a9aeca to remote] INFO  com.telran.demoqa.helpers.MyListener - By.id: draggablefound.
23:13:24 [Test worker] INFO  com.telran.demoqa.helpers.MyListener - Start search By.id: droppable
23:13:24 [Test worker] INFO  com.telran.demoqa.helpers.MyListener - By.id: droppablefound.
PASS: Source is dropped to target as expected
23:13:27 [Test worker] INFO  com.telran.demoqa.helpers.MyListener - Start search By.xpath: //h5[.='Interactions']
23:13:27 [Test worker] INFO  com.telran.demoqa.helpers.MyListener - By.xpath: //h5[.='Interactions']found.
23:13:27 [Test worker] INFO  com.telran.demoqa.helpers.MyListener - Start search By.xpath: //span[.='Droppable']
23:13:27 [Test worker] INFO  com.telran.demoqa.helpers.MyListener - By.xpath: //span[.='Droppable']found.
23:13:29 [Forwarding actions on session 018bd584e17088e151b27ef6a23ce44f to remote] INFO  com.telran.demoqa.helpers.MyListener - Start search By.id: draggable
23:13:29 [Forwarding actions on session 018bd584e17088e151b27ef6a23ce44f to remote] INFO  com.telran.demoqa.helpers.MyListener - By.id: draggablefound.
23:13:29 [Forwarding actions on session 018bd584e17088e151b27ef6a23ce44f to remote] INFO  com.telran.demoqa.helpers.MyListener - Start search By.id: droppable
23:13:29 [Forwarding actions on session 018bd584e17088e151b27ef6a23ce44f to remote] INFO  com.telran.demoqa.helpers.MyListener - By.id: droppablefound.
23:13:29 [Test worker] INFO  com.telran.demoqa.helpers.MyListener - Start search By.id: droppable
23:13:29 [Test worker] INFO  com.telran.demoqa.helpers.MyListener - By.id: droppablefound.
PASS: Source is dropped to target as expected
]]></system-out>
  <system-err><![CDATA[ChromeDriver was started successfully.
Aug 09, 2021 11:13:19 PM org.openqa.selenium.remote.ProtocolHandshake createSession
INFO: Detected dialect: W3C
ChromeDriver was started successfully.
Aug 09, 2021 11:13:24 PM org.openqa.selenium.remote.ProtocolHandshake createSession
INFO: Detected dialect: W3C
]]></system-err>
</testsuite>
