<?xml version="1.0" encoding="UTF-8"?>
<testsuite name="com.telran.demoqa.tests.AlertsTests" tests="1" skipped="0" failures="0" errors="0" timestamp="2021-08-02T20:18:51" hostname="enextus" time="0.144">
  <properties/>
  <testcase name="alertSendTextTest" classname="com.telran.demoqa.tests.AlertsTests" time="0.144"/>
  <system-out><![CDATA[22:18:51 [Test worker] INFO  com.telran.demoqa.helpers.MyListener - Start search By.xpath: //div[@class='category-cards']/div[.='Alerts, Frame & Windows']
22:18:51 [Test worker] INFO  com.telran.demoqa.helpers.MyListener - By.xpath: //div[@class='category-cards']/div[.='Alerts, Frame & Windows']found.
22:18:51 [Test worker] INFO  com.telran.demoqa.helpers.MyListener - Start search By.xpath: //span[.='Alerts']
22:18:51 [Test worker] INFO  com.telran.demoqa.helpers.MyListener - By.xpath: //span[.='Alerts']found.
22:18:51 [Test worker] INFO  com.telran.demoqa.helpers.MyListener - Start search By.id: promtButton
22:18:51 [Test worker] INFO  com.telran.demoqa.helpers.MyListener - By.id: promtButtonfound.
Message: Please enter your name
22:18:51 [Test worker] INFO  com.telran.demoqa.helpers.MyListener - Start search By.xpath: //span[@id='promptResult']
22:18:51 [Test worker] INFO  com.telran.demoqa.helpers.MyListener - By.xpath: //span[@id='promptResult']found.
]]></system-out>
  <system-err><![CDATA[ChromeDriver was started successfully.
Aug 02, 2021 10:18:49 PM org.openqa.selenium.remote.ProtocolHandshake createSession
INFO: Detected dialect: W3C
]]></system-err>
</testsuite>
