<?xml version="1.0" encoding="UTF-8"?>
<testsuite name="com.telran.demoqa.tests.AlertsTests" tests="1" skipped="0" failures="0" errors="0" timestamp="2021-08-02T18:07:53" hostname="enextus" time="5.176">
  <properties/>
  <testcase name="alertWaitTest" classname="com.telran.demoqa.tests.AlertsTests" time="5.176"/>
  <system-out><![CDATA[20:07:53 [Test worker] INFO  com.telran.demoqa.helpers.MyListener - Start search By.xpath: //div[@class='category-cards']/div[.='Alerts, Frame & Windows']
20:07:53 [Test worker] INFO  com.telran.demoqa.helpers.MyListener - By.xpath: //div[@class='category-cards']/div[.='Alerts, Frame & Windows']found.
20:07:53 [Test worker] INFO  com.telran.demoqa.helpers.MyListener - Start search By.xpath: //span[.='Alerts']
20:07:53 [Test worker] INFO  com.telran.demoqa.helpers.MyListener - By.xpath: //span[.='Alerts']found.
20:07:53 [Test worker] INFO  com.telran.demoqa.helpers.MyListener - Start search By.id: timerAlertButton
20:07:53 [Test worker] INFO  com.telran.demoqa.helpers.MyListener - By.id: timerAlertButtonfound.
Message: This alert appeared after 5 seconds
]]></system-out>
  <system-err><![CDATA[ChromeDriver was started successfully.
Aug 02, 2021 8:07:51 PM org.openqa.selenium.remote.ProtocolHandshake createSession
INFO: Detected dialect: W3C
]]></system-err>
</testsuite>
