<?xml version="1.0" encoding="UTF-8"?>
<testsuite name="com.telran.demoqa.tests.AlertsTests" tests="3" skipped="0" failures="0" errors="0" timestamp="2021-08-09T21:34:15" hostname="enextus" time="9.278">
  <properties/>
  <testcase name="alertSendTextTest" classname="com.telran.demoqa.tests.AlertsTests" time="0.143"/>
  <testcase name="alertWaitTest" classname="com.telran.demoqa.tests.AlertsTests" time="5.506"/>
  <testcase name="cancelAlertTest" classname="com.telran.demoqa.tests.AlertsTests" time="0.114"/>
  <system-out><![CDATA[23:34:15 [Test worker] INFO  com.telran.demoqa.helpers.MyListener - Start search By.xpath: //div[@class='category-cards']/div[.='Alerts, Frame & Windows']
23:34:15 [Test worker] INFO  com.telran.demoqa.helpers.MyListener - By.xpath: //div[@class='category-cards']/div[.='Alerts, Frame & Windows']found.
23:34:15 [Test worker] INFO  com.telran.demoqa.helpers.MyListener - Start search By.xpath: //span[.='Alerts']
23:34:15 [Test worker] INFO  com.telran.demoqa.helpers.MyListener - By.xpath: //span[.='Alerts']found.
23:34:15 [Test worker] INFO  com.telran.demoqa.helpers.MyListener - Start search By.id: promtButton
23:34:15 [Test worker] INFO  com.telran.demoqa.helpers.MyListener - By.id: promtButtonfound.
Message: Please enter your name
23:34:15 [Test worker] INFO  com.telran.demoqa.helpers.MyListener - Start search By.xpath: //span[@id='promptResult']
23:34:15 [Test worker] INFO  com.telran.demoqa.helpers.MyListener - By.xpath: //span[@id='promptResult']found.
23:34:17 [Test worker] INFO  com.telran.demoqa.helpers.MyListener - Start search By.xpath: //div[@class='category-cards']/div[.='Alerts, Frame & Windows']
23:34:17 [Test worker] INFO  com.telran.demoqa.helpers.MyListener - By.xpath: //div[@class='category-cards']/div[.='Alerts, Frame & Windows']found.
23:34:17 [Test worker] INFO  com.telran.demoqa.helpers.MyListener - Start search By.xpath: //span[.='Alerts']
23:34:17 [Test worker] INFO  com.telran.demoqa.helpers.MyListener - By.xpath: //span[.='Alerts']found.
23:34:17 [Test worker] INFO  com.telran.demoqa.helpers.MyListener - Start search By.id: timerAlertButton
23:34:17 [Test worker] INFO  com.telran.demoqa.helpers.MyListener - By.id: timerAlertButtonfound.
Message: This alert appeared after 5 seconds
23:34:24 [Test worker] INFO  com.telran.demoqa.helpers.MyListener - Start search By.xpath: //div[@class='category-cards']/div[.='Alerts, Frame & Windows']
23:34:24 [Test worker] INFO  com.telran.demoqa.helpers.MyListener - By.xpath: //div[@class='category-cards']/div[.='Alerts, Frame & Windows']found.
23:34:24 [Test worker] INFO  com.telran.demoqa.helpers.MyListener - Start search By.xpath: //span[.='Alerts']
23:34:24 [Test worker] INFO  com.telran.demoqa.helpers.MyListener - By.xpath: //span[.='Alerts']found.
23:34:24 [Test worker] INFO  com.telran.demoqa.helpers.MyListener - Start search By.id: confirmButton
23:34:24 [Test worker] INFO  com.telran.demoqa.helpers.MyListener - By.id: confirmButtonfound.
Message: Do you confirm action?
23:34:24 [Test worker] INFO  com.telran.demoqa.helpers.MyListener - Start search By.id: confirmResult
23:34:24 [Test worker] INFO  com.telran.demoqa.helpers.MyListener - By.id: confirmResultfound.
]]></system-out>
  <system-err><![CDATA[ChromeDriver was started successfully.
Aug 09, 2021 11:34:14 PM org.openqa.selenium.remote.ProtocolHandshake createSession
INFO: Detected dialect: W3C
ChromeDriver was started successfully.
Aug 09, 2021 11:34:16 PM org.openqa.selenium.remote.ProtocolHandshake createSession
INFO: Detected dialect: W3C
ChromeDriver was started successfully.
Aug 09, 2021 11:34:23 PM org.openqa.selenium.remote.ProtocolHandshake createSession
INFO: Detected dialect: W3C
]]></system-err>
</testsuite>
