<?xml version="1.0" encoding="UTF-8"?>
<testsuite name="com.telran.demoqa.tests.LoginPageTests" tests="1" skipped="0" failures="0" errors="0" timestamp="2021-07-28T08:11:12" hostname="enextus" time="1.933">
  <properties/>
  <testcase name="loginPositiveTest" classname="com.telran.demoqa.tests.LoginPageTests" time="1.933"/>
  <system-out><![CDATA[10:11:11 [Test worker] INFO  com.telran.demoqa.helpers.MyListener - Start search By.xpath: //div[@class='category-cards']/div[.='Book Store Application']
10:11:11 [Test worker] INFO  com.telran.demoqa.helpers.MyListener - By.xpath: //div[@class='category-cards']/div[.='Book Store Application']found.
10:11:11 [Test worker] INFO  com.telran.demoqa.helpers.MyListener - Start search By.id: login
10:11:12 [Test worker] INFO  com.telran.demoqa.helpers.MyListener - By.id: loginfound.
10:11:12 [Test worker] INFO  com.telran.demoqa.helpers.MyListener - Start search By.id: userName
10:11:12 [Test worker] INFO  com.telran.demoqa.helpers.MyListener - By.id: userNamefound.
10:11:12 [Test worker] INFO  com.telran.demoqa.helpers.MyListener - Start search By.id: userName
10:11:12 [Test worker] INFO  com.telran.demoqa.helpers.MyListener - By.id: userNamefound.
10:11:12 [Test worker] INFO  com.telran.demoqa.helpers.MyListener - Start search By.id: userName
10:11:12 [Test worker] INFO  com.telran.demoqa.helpers.MyListener - By.id: userNamefound.
10:11:13 [Test worker] INFO  com.telran.demoqa.helpers.MyListener - Start search By.id: password
10:11:13 [Test worker] INFO  com.telran.demoqa.helpers.MyListener - By.id: passwordfound.
10:11:13 [Test worker] INFO  com.telran.demoqa.helpers.MyListener - Start search By.id: password
10:11:13 [Test worker] INFO  com.telran.demoqa.helpers.MyListener - By.id: passwordfound.
10:11:13 [Test worker] INFO  com.telran.demoqa.helpers.MyListener - Start search By.id: password
10:11:13 [Test worker] INFO  com.telran.demoqa.helpers.MyListener - By.id: passwordfound.
10:11:13 [Test worker] INFO  com.telran.demoqa.helpers.MyListener - Start search By.id: login
10:11:13 [Test worker] INFO  com.telran.demoqa.helpers.MyListener - By.id: loginfound.
10:11:13 [Test worker] INFO  com.telran.demoqa.helpers.MyListener - Start search By.id: userName-value
10:11:14 [Test worker] INFO  com.telran.demoqa.helpers.MyListener - By.id: userName-valuefound.
10:11:14 [Test worker] INFO  com.telran.demoqa.helpers.MyListener - Start search By.id: userName-value
10:11:14 [Test worker] INFO  com.telran.demoqa.helpers.MyListener - By.id: userName-valuefound.
Correct user name: aaaa
Let's out from profile
10:11:14 [Test worker] INFO  com.telran.demoqa.helpers.MyListener - Start search By.id: submit
10:11:14 [Test worker] INFO  com.telran.demoqa.helpers.MyListener - By.id: submitfound.
]]></system-out>
  <system-err><![CDATA[ChromeDriver was started successfully.
Jul 28, 2021 10:11:08 AM org.openqa.selenium.remote.ProtocolHandshake createSession
INFO: Detected dialect: W3C
]]></system-err>
</testsuite>
