<?xml version="1.0" encoding="UTF-8"?>
<testsuite name="com.telran.demoqa.tests.WindowsTests" tests="1" skipped="0" failures="0" errors="0" timestamp="2021-07-28T08:54:45" hostname="enextus" time="0.186">
  <properties/>
  <testcase name="newWindowsTest" classname="com.telran.demoqa.tests.WindowsTests" time="0.186"/>
  <system-out><![CDATA[10:54:44 [Test worker] INFO  com.telran.demoqa.helpers.MyListener - Start search By.xpath: //div[@class='category-cards']/div[.='Alerts, Frame & Windows']
10:54:44 [Test worker] INFO  com.telran.demoqa.helpers.MyListener - By.xpath: //div[@class='category-cards']/div[.='Alerts, Frame & Windows']found.
10:54:45 [Test worker] INFO  com.telran.demoqa.helpers.MyListener - Start search By.xpath: //span[.='Browser Windows']
10:54:45 [Test worker] INFO  com.telran.demoqa.helpers.MyListener - By.xpath: //span[.='Browser Windows']found.
10:54:45 [Test worker] INFO  com.telran.demoqa.helpers.MyListener - Start search By.id: windowButton
10:54:45 [Test worker] INFO  com.telran.demoqa.helpers.MyListener - By.id: windowButtonfound.
10:54:45 [Test worker] INFO  com.telran.demoqa.helpers.MyListener - Start search By.id: sampleHeading
10:54:45 [Test worker] INFO  com.telran.demoqa.helpers.MyListener - By.id: sampleHeadingfound.
]]></system-out>
  <system-err><![CDATA[ChromeDriver was started successfully.
Jul 28, 2021 10:54:43 AM org.openqa.selenium.remote.ProtocolHandshake createSession
INFO: Detected dialect: W3C
]]></system-err>
</testsuite>
