<?xml version="1.0" encoding="UTF-8"?>
<testsuite name="com.telran.sheduler.tests.OpenAppTest" tests="2" skipped="0" failures="0" errors="0" timestamp="2021-07-04T22:16:38" hostname="enextus" time="7.254">
  <properties/>
  <testcase name="testLaunchApp" classname="com.telran.sheduler.tests.OpenAppTest" time="0.934"/>
  <testcase name="testLaunchAppTwo" classname="com.telran.sheduler.tests.OpenAppTest" time="1.086"/>
  <system-out><![CDATA[[[[io.appium.java_client.android.AndroidDriver, Capabilities: {app=/home/enextus/Desktop/v.0.0.3.apk, appActivity=.presentation.splashScreen.SplashScreenActivity, appPackage=com.example.svetlana.scheduler, automationName=Appium, databaseEnabled=false, desired={platformName=android, app=/home/enextus/Desktop/v.0.0.3.apk, appActivity=.presentation.splashScreen.SplashScreenActivity, appPackage=com.example.svetlana.scheduler, automationName=Appium, deviceName=qa14_mob, platformVersion=8.0.0}, deviceApiLevel=26, deviceManufacturer=unknown, deviceModel=Android SDK built for x86_64, deviceName=emulator-5554, deviceScreenDensity=480, deviceScreenSize=1080x1920, deviceUDID=emulator-5554, javascriptEnabled=true, locationContextEnabled=false, networkConnectionEnabled=true, pixelRatio=3, platform=LINUX, platformName=Android, platformVersion=8.0.0, statBarHeight=72, takesScreenshot=true, viewportRect={left=0, top=72, width=1080, height=1704}, warnings={}, webStorageEnabled=false}] -> id: com.example.svetlana.scheduler:id/splash_logo_img]]
]]></system-out>
  <system-err><![CDATA[Jul 05, 2021 12:16:38 AM io.appium.java_client.remote.AppiumCommandExecutor$1 lambda$0
INFO: Detected dialect: W3C
Jul 05, 2021 12:16:44 AM io.appium.java_client.remote.AppiumCommandExecutor$1 lambda$0
INFO: Detected dialect: W3C
]]></system-err>
</testsuite>
