<?xml version="1.0" encoding="UTF-8"?>
<testsuite xmlns:xsi="http://www.w3.org/2001/XMLSchema-instance" xsi:noNamespaceSchemaLocation="https://maven.apache.org/surefire/maven-surefire-plugin/xsd/surefire-test-report-3.0.xsd" version="3.0" name="TestSuite" time="0.517" tests="1" errors="0" skipped="0" failures="1">
  <properties>
    <property name="sun.desktop" value="gnome"/>
    <property name="awt.toolkit" value="sun.awt.X11.XToolkit"/>
    <property name="java.specification.version" value="11"/>
    <property name="sun.cpu.isalist" value=""/>
    <property name="sun.jnu.encoding" value="UTF-8"/>
    <property name="java.class.path" value="/home/enextus/IdeaProjects/java_testing_projects/QA_first_cucumber_project/target/test-classes:/home/enextus/IdeaProjects/java_testing_projects/QA_first_cucumber_project/target/classes:/home/enextus/.m2/repository/io/cucumber/cucumber-java8/5.0.0/cucumber-java8-5.0.0.jar:/home/enextus/.m2/repository/io/cucumber/cucumber-core/5.0.0/cucumber-core-5.0.0.jar:/home/enextus/.m2/repository/io/cucumber/cucumber-gherkin/5.0.0/cucumber-gherkin-5.0.0.jar:/home/enextus/.m2/repository/io/cucumber/cucumber-gherkin-vintage/5.0.0/cucumber-gherkin-vintage-5.0.0.jar:/home/enextus/.m2/repository/io/cucumber/tag-expressions/2.0.4/tag-expressions-2.0.4.jar:/home/enextus/.m2/repository/io/cucumber/cucumber-expressions/8.3.1/cucumber-expressions-8.3.1.jar:/home/enextus/.m2/repository/io/cucumber/datatable/3.2.0/datatable-3.2.0.jar:/home/enextus/.m2/repository/io/cucumber/cucumber-plugin/5.0.0/cucumber-plugin-5.0.0.jar:/home/enextus/.m2/repository/io/cucumber/docstring/5.0.0/docstring-5.0.0.jar:/home/enextus/.m2/repository/org/apiguardian/apiguardian-api/1.1.0/apiguardian-api-1.1.0.jar:/home/enextus/.m2/repository/net/jodah/typetools/0.6.1/typetools-0.6.1.jar:/home/enextus/.m2/repository/io/cucumber/cucumber-junit/5.0.0/cucumber-junit-5.0.0.jar:/home/enextus/.m2/repository/io/cucumber/cucumber-testng/6.10.4/cucumber-testng-6.10.4.jar:/home/enextus/.m2/repository/org/testng/testng/7.4.0/testng-7.4.0.jar:/home/enextus/.m2/repository/com/beust/jcommander/1.78/jcommander-1.78.jar:/home/enextus/.m2/repository/org/webjars/jquery/3.5.1/jquery-3.5.1.jar:/home/enextus/.m2/repository/junit/junit/4.13/junit-4.13.jar:/home/enextus/.m2/repository/org/hamcrest/hamcrest-core/1.3/hamcrest-core-1.3.jar:/home/enextus/.m2/repository/org/seleniumhq/selenium/selenium-java/3.141.59/selenium-java-3.141.59.jar:/home/enextus/.m2/repository/org/seleniumhq/selenium/selenium-api/3.141.59/selenium-api-3.141.59.jar:/home/enextus/.m2/repository/org/seleniumhq/selenium/selenium-chrome-driver/3.141.59/selenium-chrome-driver-3.141.59.jar:/home/enextus/.m2/repository/org/seleniumhq/selenium/selenium-edge-driver/3.141.59/selenium-edge-driver-3.141.59.jar:/home/enextus/.m2/repository/org/seleniumhq/selenium/selenium-firefox-driver/3.141.59/selenium-firefox-driver-3.141.59.jar:/home/enextus/.m2/repository/org/seleniumhq/selenium/selenium-ie-driver/3.141.59/selenium-ie-driver-3.141.59.jar:/home/enextus/.m2/repository/org/seleniumhq/selenium/selenium-opera-driver/3.141.59/selenium-opera-driver-3.141.59.jar:/home/enextus/.m2/repository/org/seleniumhq/selenium/selenium-remote-driver/3.141.59/selenium-remote-driver-3.141.59.jar:/home/enextus/.m2/repository/org/seleniumhq/selenium/selenium-safari-driver/3.141.59/selenium-safari-driver-3.141.59.jar:/home/enextus/.m2/repository/org/seleniumhq/selenium/selenium-support/3.141.59/selenium-support-3.141.59.jar:/home/enextus/.m2/repository/net/bytebuddy/byte-buddy/1.8.15/byte-buddy-1.8.15.jar:/home/enextus/.m2/repository/org/apache/commons/commons-exec/1.3/commons-exec-1.3.jar:/home/enextus/.m2/repository/com/google/guava/guava/25.0-jre/guava-25.0-jre.jar:/home/enextus/.m2/repository/com/google/code/findbugs/jsr305/1.3.9/jsr305-1.3.9.jar:/home/enextus/.m2/repository/org/checkerframework/checker-compat-qual/2.0.0/checker-compat-qual-2.0.0.jar:/home/enextus/.m2/repository/com/google/errorprone/error_prone_annotations/2.1.3/error_prone_annotations-2.1.3.jar:/home/enextus/.m2/repository/com/google/j2objc/j2objc-annotations/1.1/j2objc-annotations-1.1.jar:/home/enextus/.m2/repository/org/codehaus/mojo/animal-sniffer-annotations/1.14/animal-sniffer-annotations-1.14.jar:/home/enextus/.m2/repository/com/squareup/okhttp3/okhttp/3.11.0/okhttp-3.11.0.jar:/home/enextus/.m2/repository/com/squareup/okio/okio/1.14.0/okio-1.14.0.jar:/home/enextus/.m2/repository/org/seleniumhq/selenium/htmlunit-driver/2.38.0/htmlunit-driver-2.38.0.jar:/home/enextus/.m2/repository/net/sourceforge/htmlunit/htmlunit/2.38.0/htmlunit-2.38.0.jar:/home/enextus/.m2/repository/xalan/xalan/2.7.2/xalan-2.7.2.jar:/home/enextus/.m2/repository/xalan/serializer/2.7.2/serializer-2.7.2.jar:/home/enextus/.m2/repository/org/apache/commons/commons-lang3/3.9/commons-lang3-3.9.jar:/home/enextus/.m2/repository/org/apache/commons/commons-text/1.8/commons-text-1.8.jar:/home/enextus/.m2/repository/org/apache/httpcomponents/httpmime/4.5.12/httpmime-4.5.12.jar:/home/enextus/.m2/repository/net/sourceforge/htmlunit/htmlunit-core-js/2.38.0/htmlunit-core-js-2.38.0.jar:/home/enextus/.m2/repository/net/sourceforge/htmlunit/neko-htmlunit/2.38.0/neko-htmlunit-2.38.0.jar:/home/enextus/.m2/repository/xerces/xercesImpl/2.12.0/xercesImpl-2.12.0.jar:/home/enextus/.m2/repository/xml-apis/xml-apis/1.4.01/xml-apis-1.4.01.jar:/home/enextus/.m2/repository/net/sourceforge/htmlunit/htmlunit-cssparser/1.5.0/htmlunit-cssparser-1.5.0.jar:/home/enextus/.m2/repository/commons-io/commons-io/2.6/commons-io-2.6.jar:/home/enextus/.m2/repository/commons-logging/commons-logging/1.2/commons-logging-1.2.jar:/home/enextus/.m2/repository/commons-net/commons-net/3.6/commons-net-3.6.jar:/home/enextus/.m2/repository/org/brotli/dec/0.1.2/dec-0.1.2.jar:/home/enextus/.m2/repository/org/eclipse/jetty/websocket/websocket-client/9.4.27.v20200227/websocket-client-9.4.27.v20200227.jar:/home/enextus/.m2/repository/org/eclipse/jetty/jetty-client/9.4.27.v20200227/jetty-client-9.4.27.v20200227.jar:/home/enextus/.m2/repository/org/eclipse/jetty/jetty-http/9.4.27.v20200227/jetty-http-9.4.27.v20200227.jar:/home/enextus/.m2/repository/org/eclipse/jetty/jetty-xml/9.4.27.v20200227/jetty-xml-9.4.27.v20200227.jar:/home/enextus/.m2/repository/org/eclipse/jetty/jetty-util/9.4.27.v20200227/jetty-util-9.4.27.v20200227.jar:/home/enextus/.m2/repository/org/eclipse/jetty/jetty-io/9.4.27.v20200227/jetty-io-9.4.27.v20200227.jar:/home/enextus/.m2/repository/org/eclipse/jetty/websocket/websocket-common/9.4.27.v20200227/websocket-common-9.4.27.v20200227.jar:/home/enextus/.m2/repository/org/eclipse/jetty/websocket/websocket-api/9.4.27.v20200227/websocket-api-9.4.27.v20200227.jar:/home/enextus/.m2/repository/com/codeborne/selenide/5.10.0/selenide-5.10.0.jar:/home/enextus/.m2/repository/io/github/bonigarcia/webdrivermanager/3.8.1/webdrivermanager-3.8.1.jar:/home/enextus/.m2/repository/com/google/code/gson/gson/2.8.5/gson-2.8.5.jar:/home/enextus/.m2/repository/org/apache/httpcomponents/httpclient/4.5.6/httpclient-4.5.6.jar:/home/enextus/.m2/repository/org/apache/httpcomponents/httpcore/4.4.10/httpcore-4.4.10.jar:/home/enextus/.m2/repository/commons-codec/commons-codec/1.10/commons-codec-1.10.jar:/home/enextus/.m2/repository/org/rauschig/jarchivelib/1.0.0/jarchivelib-1.0.0.jar:/home/enextus/.m2/repository/org/apache/commons/commons-compress/1.18/commons-compress-1.18.jar:/home/enextus/.m2/repository/org/jsoup/jsoup/1.11.3/jsoup-1.11.3.jar:/home/enextus/.m2/repository/org/slf4j/slf4j-api/1.7.30/slf4j-api-1.7.30.jar:/home/enextus/.m2/repository/org/slf4j/slf4j-log4j12/1.7.5/slf4j-log4j12-1.7.5.jar:/home/enextus/.m2/repository/log4j/log4j/1.2.17/log4j-1.2.17.jar:/home/enextus/.m2/repository/io/qameta/allure/allure-java-commons/2.13.7/allure-java-commons-2.13.7.jar:/home/enextus/.m2/repository/io/qameta/allure/allure-model/2.13.7/allure-model-2.13.7.jar:/home/enextus/.m2/repository/com/fasterxml/jackson/core/jackson-databind/2.11.3/jackson-databind-2.11.3.jar:/home/enextus/.m2/repository/com/fasterxml/jackson/core/jackson-annotations/2.11.3/jackson-annotations-2.11.3.jar:/home/enextus/.m2/repository/com/fasterxml/jackson/core/jackson-core/2.11.3/jackson-core-2.11.3.jar:/home/enextus/.m2/repository/org/apache/tika/tika-core/1.24.1/tika-core-1.24.1.jar:/home/enextus/.m2/repository/org/jooq/joor-java-8/0.9.13/joor-java-8-0.9.13.jar:"/>
    <property name="java.vm.vendor" value="Ubuntu"/>
    <property name="sun.arch.data.model" value="64"/>
    <property name="java.vendor.url" value="https://ubuntu.com/"/>
    <property name="user.timezone" value="Europe/Berlin"/>
    <property name="java.vm.specification.version" value="11"/>
    <property name="os.name" value="Linux"/>
    <property name="sun.java.launcher" value="SUN_STANDARD"/>
    <property name="user.country" value="US"/>
    <property name="sun.boot.library.path" value="/usr/lib/jvm/java-11-openjdk-amd64/lib"/>
    <property name="sun.java.command" value="/home/enextus/IdeaProjects/java_testing_projects/QA_first_cucumber_project/target/surefire/surefirebooter15816447847504590804.jar /home/enextus/IdeaProjects/java_testing_projects/QA_first_cucumber_project/target/surefire 2021-07-26T09-59-08_932-jvmRun1 surefire11682876915795231334tmp surefire_011432891992261354240tmp"/>
    <property name="jdk.debug" value="release"/>
    <property name="surefire.test.class.path" value="/home/enextus/IdeaProjects/java_testing_projects/QA_first_cucumber_project/target/test-classes:/home/enextus/IdeaProjects/java_testing_projects/QA_first_cucumber_project/target/classes:/home/enextus/.m2/repository/io/cucumber/cucumber-java8/5.0.0/cucumber-java8-5.0.0.jar:/home/enextus/.m2/repository/io/cucumber/cucumber-core/5.0.0/cucumber-core-5.0.0.jar:/home/enextus/.m2/repository/io/cucumber/cucumber-gherkin/5.0.0/cucumber-gherkin-5.0.0.jar:/home/enextus/.m2/repository/io/cucumber/cucumber-gherkin-vintage/5.0.0/cucumber-gherkin-vintage-5.0.0.jar:/home/enextus/.m2/repository/io/cucumber/tag-expressions/2.0.4/tag-expressions-2.0.4.jar:/home/enextus/.m2/repository/io/cucumber/cucumber-expressions/8.3.1/cucumber-expressions-8.3.1.jar:/home/enextus/.m2/repository/io/cucumber/datatable/3.2.0/datatable-3.2.0.jar:/home/enextus/.m2/repository/io/cucumber/cucumber-plugin/5.0.0/cucumber-plugin-5.0.0.jar:/home/enextus/.m2/repository/io/cucumber/docstring/5.0.0/docstring-5.0.0.jar:/home/enextus/.m2/repository/org/apiguardian/apiguardian-api/1.1.0/apiguardian-api-1.1.0.jar:/home/enextus/.m2/repository/net/jodah/typetools/0.6.1/typetools-0.6.1.jar:/home/enextus/.m2/repository/io/cucumber/cucumber-junit/5.0.0/cucumber-junit-5.0.0.jar:/home/enextus/.m2/repository/io/cucumber/cucumber-testng/6.10.4/cucumber-testng-6.10.4.jar:/home/enextus/.m2/repository/org/testng/testng/7.4.0/testng-7.4.0.jar:/home/enextus/.m2/repository/com/beust/jcommander/1.78/jcommander-1.78.jar:/home/enextus/.m2/repository/org/webjars/jquery/3.5.1/jquery-3.5.1.jar:/home/enextus/.m2/repository/junit/junit/4.13/junit-4.13.jar:/home/enextus/.m2/repository/org/hamcrest/hamcrest-core/1.3/hamcrest-core-1.3.jar:/home/enextus/.m2/repository/org/seleniumhq/selenium/selenium-java/3.141.59/selenium-java-3.141.59.jar:/home/enextus/.m2/repository/org/seleniumhq/selenium/selenium-api/3.141.59/selenium-api-3.141.59.jar:/home/enextus/.m2/repository/org/seleniumhq/selenium/selenium-chrome-driver/3.141.59/selenium-chrome-driver-3.141.59.jar:/home/enextus/.m2/repository/org/seleniumhq/selenium/selenium-edge-driver/3.141.59/selenium-edge-driver-3.141.59.jar:/home/enextus/.m2/repository/org/seleniumhq/selenium/selenium-firefox-driver/3.141.59/selenium-firefox-driver-3.141.59.jar:/home/enextus/.m2/repository/org/seleniumhq/selenium/selenium-ie-driver/3.141.59/selenium-ie-driver-3.141.59.jar:/home/enextus/.m2/repository/org/seleniumhq/selenium/selenium-opera-driver/3.141.59/selenium-opera-driver-3.141.59.jar:/home/enextus/.m2/repository/org/seleniumhq/selenium/selenium-remote-driver/3.141.59/selenium-remote-driver-3.141.59.jar:/home/enextus/.m2/repository/org/seleniumhq/selenium/selenium-safari-driver/3.141.59/selenium-safari-driver-3.141.59.jar:/home/enextus/.m2/repository/org/seleniumhq/selenium/selenium-support/3.141.59/selenium-support-3.141.59.jar:/home/enextus/.m2/repository/net/bytebuddy/byte-buddy/1.8.15/byte-buddy-1.8.15.jar:/home/enextus/.m2/repository/org/apache/commons/commons-exec/1.3/commons-exec-1.3.jar:/home/enextus/.m2/repository/com/google/guava/guava/25.0-jre/guava-25.0-jre.jar:/home/enextus/.m2/repository/com/google/code/findbugs/jsr305/1.3.9/jsr305-1.3.9.jar:/home/enextus/.m2/repository/org/checkerframework/checker-compat-qual/2.0.0/checker-compat-qual-2.0.0.jar:/home/enextus/.m2/repository/com/google/errorprone/error_prone_annotations/2.1.3/error_prone_annotations-2.1.3.jar:/home/enextus/.m2/repository/com/google/j2objc/j2objc-annotations/1.1/j2objc-annotations-1.1.jar:/home/enextus/.m2/repository/org/codehaus/mojo/animal-sniffer-annotations/1.14/animal-sniffer-annotations-1.14.jar:/home/enextus/.m2/repository/com/squareup/okhttp3/okhttp/3.11.0/okhttp-3.11.0.jar:/home/enextus/.m2/repository/com/squareup/okio/okio/1.14.0/okio-1.14.0.jar:/home/enextus/.m2/repository/org/seleniumhq/selenium/htmlunit-driver/2.38.0/htmlunit-driver-2.38.0.jar:/home/enextus/.m2/repository/net/sourceforge/htmlunit/htmlunit/2.38.0/htmlunit-2.38.0.jar:/home/enextus/.m2/repository/xalan/xalan/2.7.2/xalan-2.7.2.jar:/home/enextus/.m2/repository/xalan/serializer/2.7.2/serializer-2.7.2.jar:/home/enextus/.m2/repository/org/apache/commons/commons-lang3/3.9/commons-lang3-3.9.jar:/home/enextus/.m2/repository/org/apache/commons/commons-text/1.8/commons-text-1.8.jar:/home/enextus/.m2/repository/org/apache/httpcomponents/httpmime/4.5.12/httpmime-4.5.12.jar:/home/enextus/.m2/repository/net/sourceforge/htmlunit/htmlunit-core-js/2.38.0/htmlunit-core-js-2.38.0.jar:/home/enextus/.m2/repository/net/sourceforge/htmlunit/neko-htmlunit/2.38.0/neko-htmlunit-2.38.0.jar:/home/enextus/.m2/repository/xerces/xercesImpl/2.12.0/xercesImpl-2.12.0.jar:/home/enextus/.m2/repository/xml-apis/xml-apis/1.4.01/xml-apis-1.4.01.jar:/home/enextus/.m2/repository/net/sourceforge/htmlunit/htmlunit-cssparser/1.5.0/htmlunit-cssparser-1.5.0.jar:/home/enextus/.m2/repository/commons-io/commons-io/2.6/commons-io-2.6.jar:/home/enextus/.m2/repository/commons-logging/commons-logging/1.2/commons-logging-1.2.jar:/home/enextus/.m2/repository/commons-net/commons-net/3.6/commons-net-3.6.jar:/home/enextus/.m2/repository/org/brotli/dec/0.1.2/dec-0.1.2.jar:/home/enextus/.m2/repository/org/eclipse/jetty/websocket/websocket-client/9.4.27.v20200227/websocket-client-9.4.27.v20200227.jar:/home/enextus/.m2/repository/org/eclipse/jetty/jetty-client/9.4.27.v20200227/jetty-client-9.4.27.v20200227.jar:/home/enextus/.m2/repository/org/eclipse/jetty/jetty-http/9.4.27.v20200227/jetty-http-9.4.27.v20200227.jar:/home/enextus/.m2/repository/org/eclipse/jetty/jetty-xml/9.4.27.v20200227/jetty-xml-9.4.27.v20200227.jar:/home/enextus/.m2/repository/org/eclipse/jetty/jetty-util/9.4.27.v20200227/jetty-util-9.4.27.v20200227.jar:/home/enextus/.m2/repository/org/eclipse/jetty/jetty-io/9.4.27.v20200227/jetty-io-9.4.27.v20200227.jar:/home/enextus/.m2/repository/org/eclipse/jetty/websocket/websocket-common/9.4.27.v20200227/websocket-common-9.4.27.v20200227.jar:/home/enextus/.m2/repository/org/eclipse/jetty/websocket/websocket-api/9.4.27.v20200227/websocket-api-9.4.27.v20200227.jar:/home/enextus/.m2/repository/com/codeborne/selenide/5.10.0/selenide-5.10.0.jar:/home/enextus/.m2/repository/io/github/bonigarcia/webdrivermanager/3.8.1/webdrivermanager-3.8.1.jar:/home/enextus/.m2/repository/com/google/code/gson/gson/2.8.5/gson-2.8.5.jar:/home/enextus/.m2/repository/org/apache/httpcomponents/httpclient/4.5.6/httpclient-4.5.6.jar:/home/enextus/.m2/repository/org/apache/httpcomponents/httpcore/4.4.10/httpcore-4.4.10.jar:/home/enextus/.m2/repository/commons-codec/commons-codec/1.10/commons-codec-1.10.jar:/home/enextus/.m2/repository/org/rauschig/jarchivelib/1.0.0/jarchivelib-1.0.0.jar:/home/enextus/.m2/repository/org/apache/commons/commons-compress/1.18/commons-compress-1.18.jar:/home/enextus/.m2/repository/org/jsoup/jsoup/1.11.3/jsoup-1.11.3.jar:/home/enextus/.m2/repository/org/slf4j/slf4j-api/1.7.30/slf4j-api-1.7.30.jar:/home/enextus/.m2/repository/org/slf4j/slf4j-log4j12/1.7.5/slf4j-log4j12-1.7.5.jar:/home/enextus/.m2/repository/log4j/log4j/1.2.17/log4j-1.2.17.jar:/home/enextus/.m2/repository/io/qameta/allure/allure-java-commons/2.13.7/allure-java-commons-2.13.7.jar:/home/enextus/.m2/repository/io/qameta/allure/allure-model/2.13.7/allure-model-2.13.7.jar:/home/enextus/.m2/repository/com/fasterxml/jackson/core/jackson-databind/2.11.3/jackson-databind-2.11.3.jar:/home/enextus/.m2/repository/com/fasterxml/jackson/core/jackson-annotations/2.11.3/jackson-annotations-2.11.3.jar:/home/enextus/.m2/repository/com/fasterxml/jackson/core/jackson-core/2.11.3/jackson-core-2.11.3.jar:/home/enextus/.m2/repository/org/apache/tika/tika-core/1.24.1/tika-core-1.24.1.jar:/home/enextus/.m2/repository/org/jooq/joor-java-8/0.9.13/joor-java-8-0.9.13.jar:"/>
    <property name="sun.cpu.endian" value="little"/>
    <property name="user.home" value="/home/enextus"/>
    <property name="user.language" value="en"/>
    <property name="java.specification.vendor" value="Oracle Corporation"/>
    <property name="java.version.date" value="2021-04-20"/>
    <property name="java.home" value="/usr/lib/jvm/java-11-openjdk-amd64"/>
    <property name="file.separator" value="/"/>
    <property name="basedir" value="/home/enextus/IdeaProjects/java_testing_projects/QA_first_cucumber_project"/>
    <property name="java.vm.compressedOopsMode" value="Zero based"/>
    <property name="line.separator" value="&#10;"/>
    <property name="java.specification.name" value="Java Platform API Specification"/>
    <property name="java.vm.specification.vendor" value="Oracle Corporation"/>
    <property name="java.awt.graphicsenv" value="sun.awt.X11GraphicsEnvironment"/>
    <property name="surefire.real.class.path" value="/home/enextus/IdeaProjects/java_testing_projects/QA_first_cucumber_project/target/surefire/surefirebooter15816447847504590804.jar"/>
    <property name="sun.management.compiler" value="HotSpot 64-Bit Tiered Compilers"/>
    <property name="java.runtime.version" value="11.0.11+9-Ubuntu-0ubuntu2.20.04"/>
    <property name="user.name" value="enextus"/>
    <property name="path.separator" value=":"/>
    <property name="os.version" value="5.4.0-78-generic"/>
    <property name="java.runtime.name" value="OpenJDK Runtime Environment"/>
    <property name="file.encoding" value="UTF-8"/>
    <property name="java.vm.name" value="OpenJDK 64-Bit Server VM"/>
    <property name="localRepository" value="/home/enextus/.m2/repository"/>
    <property name="java.vendor.url.bug" value="https://bugs.launchpad.net/ubuntu/+source/openjdk-lts"/>
    <property name="java.io.tmpdir" value="/tmp"/>
    <property name="java.version" value="11.0.11"/>
    <property name="cucumber.filter.tags" value="@regression"/>
    <property name="user.dir" value="/home/enextus/IdeaProjects/java_testing_projects/QA_first_cucumber_project"/>
    <property name="os.arch" value="amd64"/>
    <property name="java.vm.specification.name" value="Java Virtual Machine Specification"/>
    <property name="java.awt.printerjob" value="sun.print.PSPrinterJob"/>
    <property name="sun.os.patch.level" value="unknown"/>
    <property name="java.library.path" value="/usr/java/packages/lib:/usr/lib/x86_64-linux-gnu/jni:/lib/x86_64-linux-gnu:/usr/lib/x86_64-linux-gnu:/usr/lib/jni:/lib:/usr/lib"/>
    <property name="java.vm.info" value="mixed mode"/>
    <property name="java.vendor" value="Ubuntu"/>
    <property name="java.vm.version" value="11.0.11+9-Ubuntu-0ubuntu2.20.04"/>
    <property name="sun.io.unicode.encoding" value="UnicodeLittle"/>
    <property name="java.class.version" value="55.0"/>
  </properties>
  <testcase name="setUpClass" classname="de.sconto.RunCucumberTest" time="0.412">
    <failure message="&apos;io.cucumber.core.options.RuntimeOptionsBuilder io.cucumber.core.options.RuntimeOptionsBuilder.enablePublishPlugin()&apos;" type="java.lang.NoSuchMethodError"><![CDATA[java.lang.NoSuchMethodError: 'io.cucumber.core.options.RuntimeOptionsBuilder io.cucumber.core.options.RuntimeOptionsBuilder.enablePublishPlugin()'
]]></failure>
    <system-err><![CDATA[Jul 26, 2021 9:59:09 AM io.cucumber.testng.TestNGCucumberOptionsProvider warnWhenJUnitCucumberOptionsAreUsed
WARNING: Ignoring options provided by io.cucumber.junit.CucumberOptions on de.sconto.RunCucumberTest. It is recommend to use separate runner classes for JUnit and TestNG.
]]></system-err>
  </testcase>
</testsuite>